<?xml version="1.0" encoding="UTF-8"?>
<testsuite name="fr.bonobo.filemanager.SecurityUtilsTest" tests="2" skipped="0" failures="0" errors="0" timestamp="2026-09-08T15:00:58" hostname="localhost" time="0.423">
  <properties/>
  <testcase name="passwordHashIsSaltedAndVerifiable" classname="fr.bonobo.filemanager.SecurityUtilsTest" time="0.271"/>
  <testcase name="encryptDecryptRoundTripAndRejectWrongPassword" classname="fr.bonobo.filemanager.SecurityUtilsTest" time="0.151"/>
  <system-out><![CDATA[]]></system-out>
  <system-err><![CDATA[]]></system-err>
</testsuite>
