<?xml version="1.0" encoding="UTF-8"?>
<testsuite name="fr.bonobo.filemanager.FtpsServerTest" tests="7" skipped="0" failures="0" errors="0" timestamp="2026-09-08T17:05:18" hostname="localhost" time="1.818">
  <properties/>
  <testcase name="missingPermissionExplains421AndConfiguredUserCanLogin" classname="fr.bonobo.filemanager.FtpsServerTest" time="0.366"/>
  <testcase name="clearLoginIsRejected" classname="fr.bonobo.filemanager.FtpsServerTest" time="0.006"/>
  <testcase name="seedboxDownloadPathUsesBinaryTlsAndChecksCompletion" classname="fr.bonobo.filemanager.FtpsServerTest" time="0.199"/>
  <testcase name="downgradeIsRejectedAndReconnectWorks" classname="fr.bonobo.filemanager.FtpsServerTest" time="0.214"/>
  <testcase name="encryptedUploadListingAndDownload" classname="fr.bonobo.filemanager.FtpsServerTest" time="0.316"/>
  <testcase name="missingRemoteFileIsNotAnEmptySuccessfulDownload" classname="fr.bonobo.filemanager.FtpsServerTest" time="0.109"/>
  <testcase name="badPasswordIsRejectedOverTls" classname="fr.bonobo.filemanager.FtpsServerTest" time="0.606"/>
  <system-out><![CDATA[]]></system-out>
  <system-err><![CDATA[SLF4J(W): No SLF4J providers were found.
SLF4J(W): Defaulting to no-operation (NOP) logger implementation
SLF4J(W): See https://www.slf4j.org/codes.html#noProviders for further details.
]]></system-err>
</testsuite>
