<?xml version="1.0" encoding="UTF-8"?>
<testsuite name="fr.bonobo.filemanager.TransferSecurityTest" tests="4" skipped="0" failures="0" errors="0" timestamp="2026-09-08T17:05:21" hostname="localhost" time="0.018">
  <properties/>
  <testcase name="shortPasswordRejected" classname="fr.bonobo.filemanager.TransferSecurityTest" time="0.001"/>
  <testcase name="occupiedPortIsReported" classname="fr.bonobo.filemanager.TransferSecurityTest" time="0.003"/>
  <testcase name="stopClosesPendingClient" classname="fr.bonobo.filemanager.TransferSecurityTest" time="0.002"/>
  <testcase name="authenticationRequiredAndCorrectPasswordWorks" classname="fr.bonobo.filemanager.TransferSecurityTest" time="0.011"/>
  <system-out><![CDATA[]]></system-out>
  <system-err><![CDATA[]]></system-err>
</testsuite>
