<?xml version="1.0" encoding="UTF-8"?>
<testsuite name="fr.bonobo.filemanager.SecurityRegressionTest" tests="7" skipped="0" failures="0" errors="0" timestamp="2026-09-08T17:05:20" hostname="localhost" time="0.93">
  <properties/>
  <testcase name="roundTripAndEmptyFile" classname="fr.bonobo.filemanager.SecurityRegressionTest" time="0.344"/>
  <testcase name="rejectTraversalAndExternalSymlinks" classname="fr.bonobo.filemanager.SecurityRegressionTest" time="0.001"/>
  <testcase name="wrongPasswordAndTamperingPublishNothing" classname="fr.bonobo.filemanager.SecurityRegressionTest" time="0.265"/>
  <testcase name="newNamesRejectParentComponents" classname="fr.bonobo.filemanager.SecurityRegressionTest" time="0.001"/>
  <testcase name="failedImportLeavesNoCiphertext" classname="fr.bonobo.filemanager.SecurityRegressionTest" time="0.055"/>
  <testcase name="hashSaltAndLegacyPasswords" classname="fr.bonobo.filemanager.SecurityRegressionTest" time="0.208"/>
  <testcase name="existingDestinationAndSymlinkAreNeverOverwritten" classname="fr.bonobo.filemanager.SecurityRegressionTest" time="0.056"/>
  <system-out><![CDATA[]]></system-out>
  <system-err><![CDATA[]]></system-err>
</testsuite>
