<?xml version="1.0" encoding="UTF-8"?>
<testsuite name="fr.bonobo.filemanager.DownloadStreamTest" tests="4" skipped="0" failures="0" errors="0" timestamp="2026-09-08T17:05:17" hostname="localhost" time="0.021">
  <properties/>
  <testcase name="fiveGiBUsesLongCountersAndBoundedBuffers" classname="fr.bonobo.filemanager.DownloadStreamTest" time="0.008"/>
  <testcase name="truncatedTransferIsNotSuccessful" classname="fr.bonobo.filemanager.DownloadStreamTest" time="0.006"/>
  <testcase name="storageFailurePropagates" classname="fr.bonobo.filemanager.DownloadStreamTest" time="0.001"/>
  <testcase name="cancellationStopsBeforeAnotherChunk" classname="fr.bonobo.filemanager.DownloadStreamTest" time="0.004"/>
  <system-out><![CDATA[]]></system-out>
  <system-err><![CDATA[]]></system-err>
</testsuite>
