<?xml version="1.0" encoding="UTF-8"?>
<testsuite name="fr.bonobo.filemanager.TransferSecurityTest" tests="4" skipped="0" failures="0" errors="0" timestamp="2026-09-08T16:09:03" hostname="localhost" time="0.025">
  <properties/>
  <testcase name="shortPasswordRejected" classname="fr.bonobo.filemanager.TransferSecurityTest" time="0.002"/>
  <testcase name="occupiedPortIsReported" classname="fr.bonobo.filemanager.TransferSecurityTest" time="0.005"/>
  <testcase name="stopClosesPendingClient" classname="fr.bonobo.filemanager.TransferSecurityTest" time="0.004"/>
  <testcase name="authenticationRequiredAndCorrectPasswordWorks" classname="fr.bonobo.filemanager.TransferSecurityTest" time="0.013"/>
  <system-out><![CDATA[]]></system-out>
  <system-err><![CDATA[]]></system-err>
</testsuite>
