<?xml version="1.0" encoding="UTF-8"?>
<testsuite name="fr.bonobo.filemanager.TlsSigningCheckTest" tests="2" skipped="0" failures="0" errors="0" timestamp="2026-09-08T16:09:03" hostname="localhost" time="0.012">
  <properties/>
  <testcase name="signsPrehashedTlsDigestWithoutHashingTwice" classname="fr.bonobo.filemanager.TlsSigningCheckTest" time="0.005"/>
  <testcase name="mismatchedCertificateFailsBeforeServerStarts" classname="fr.bonobo.filemanager.TlsSigningCheckTest" time="0.007"/>
  <system-out><![CDATA[]]></system-out>
  <system-err><![CDATA[]]></system-err>
</testsuite>
