<?xml version="1.0" encoding="UTF-8"?>
<testsuite name="fr.bonobo.filemanager.SecurityUtilsTest" tests="2" skipped="0" failures="0" errors="0" timestamp="2026-09-08T15:35:42" hostname="localhost" time="0.442">
  <properties/>
  <testcase name="passwordHashIsSaltedAndVerifiable" classname="fr.bonobo.filemanager.SecurityUtilsTest" time="0.294"/>
  <testcase name="encryptDecryptRoundTripAndRejectWrongPassword" classname="fr.bonobo.filemanager.SecurityUtilsTest" time="0.148"/>
  <system-out><![CDATA[]]></system-out>
  <system-err><![CDATA[]]></system-err>
</testsuite>
